::1 - - [12/Mar/2021:18:07:39 -0300] "GET /phpmyadmin/ HTTP/1.1" 200 8024
::1 - - [12/Mar/2021:18:08:06 -0300] "GET /phpmyadmin/phpmyadmin.css.php?server=1&token=7fb68fd43cc981bc92c58d58ac3ff279&nocache=4364427654ltr HTTP/1.1" 200 88608
::1 - - [12/Mar/2021:18:08:06 -0300] "GET /phpmyadmin/js/messages.php?lang=pt&db=&server=0&token=fbf831a0b9f0a7997a662fed51226bf1 HTTP/1.1" 200 18103
::1 - - [12/Mar/2021:18:08:06 -0300] "GET /phpmyadmin/js/get_image.js.php?theme=pmahomme HTTP/1.1" 200 6263
::1 - - [12/Mar/2021:18:08:06 -0300] "GET /phpmyadmin/js/get_scripts.js.php?scripts[]=jquery/jquery-1.8.3.js&scripts[]=ajax.js&scripts[]=keyhandler.js&scripts[]=jquery/jquery-ui-1.9.2.custom.js&scripts[]=jquery/jquery.sprintf.js&scripts[]=jquery/jquery.cookie.js&scripts[]=jquery/jquery.mousewheel.js&scripts[]=jquery/jquery.event.drag-2.2.js&scripts[]=jquery/jquery-ui-timepicker-addon.js&scripts[]=jquery/jquery.ba-hashchange-1.3.js&scripts[]=jquery/jquery.debounce-1.0.5.js&scripts[]=jquery/jquery.menuResizer-1.0.js&scripts[]=rte.js&scripts[]=functions.js&scripts[]=navigation.js&scripts[]=indexes.js&scripts[]=common.js&scripts[]=codemirror/lib/codemirror.js&scripts[]=codemirror/mode/mysql/mysql.js HTTP/1.1" 200 578562
::1 - - [12/Mar/2021:18:08:34 -0300] "POST /phpmyadmin/index.php HTTP/1.1" 302 -
::1 - - [12/Mar/2021:18:08:35 -0300] "GET /phpmyadmin/index.php?token=7fb68fd43cc981bc92c58d58ac3ff279 HTTP/1.1" 200 47259
::1 - - [12/Mar/2021:18:08:40 -0300] "GET /phpmyadmin/phpmyadmin.css.php?server=1&token=7fb68fd43cc981bc92c58d58ac3ff279&nocache=5980010971ltr HTTP/1.1" 200 88608
::1 - - [12/Mar/2021:18:08:40 -0300] "GET /phpmyadmin/js/messages.php?lang=pt&db=&server=0&token=7fb68fd43cc981bc92c58d58ac3ff279 HTTP/1.1" 200 18103
::1 - - [12/Mar/2021:18:08:42 -0300] "GET /phpmyadmin/version_check.php?&_nocache=1615583322171181688 HTTP/1.1" 200 39
::1 - - [12/Mar/2021:18:09:04 -0300] "GET /phpmyadmin/db_structure.php?server=1&db=db_diario&token=7fb68fd43cc981bc92c58d58ac3ff279&ajax_request=true&ajax_page_request=true&menuHashes=2567b72d&_nocache=1615583343148656797 HTTP/1.1" 200 21649
::1 - - [12/Mar/2021:18:09:11 -0300] "GET /phpmyadmin/js/get_scripts.js.php?scripts[]=db_structure.js&scripts[]=tbl_change.js HTTP/1.1" 200 12382
::1 - - [12/Mar/2021:18:09:17 -0300] "GET /phpmyadmin/sql.php?db=db_diario&token=7fb68fd43cc981bc92c58d58ac3ff279&goto=db_structure.php&table=tb_registros&pos=0&ajax_request=true&ajax_page_request=true&menuHashes=2567b72d-87bd8fc2&_nocache=1615583356617571315 HTTP/1.1" 200 101776
::1 - - [12/Mar/2021:18:09:22 -0300] "GET /phpmyadmin/js/get_scripts.js.php?scripts[]=tbl_structure.js&scripts[]=gis_data_editor.js&scripts[]=makegrid.js&scripts[]=sql.js HTTP/1.1" 200 50287
::1 - - [12/Mar/2021:18:09:25 -0300] "GET /phpmyadmin/index.php?ajax_request=1&recent_table=1&token=7fb68fd43cc981bc92c58d58ac3ff279 HTTP/1.1" 200 229
::1 - - [12/Mar/2021:18:10:09 -0300] "POST /phpmyadmin/tbl_row_action.php HTTP/1.1" 200 14268
::1 - - [12/Mar/2021:18:10:12 -0300] "GET /phpmyadmin/js/messages.php?lang=pt&db=db_diario&server=0&token=7fb68fd43cc981bc92c58d58ac3ff279 HTTP/1.1" 200 18103
::1 - - [12/Mar/2021:18:10:12 -0300] "GET /phpmyadmin/index.php?ajax_request=1&recent_table=1&token=7fb68fd43cc981bc92c58d58ac3ff279 HTTP/1.1" 200 229
::1 - - [12/Mar/2021:18:10:17 -0300] "POST /phpmyadmin/tbl_row_action.php HTTP/1.1" 200 113679
::1 - - [12/Mar/2021:18:10:19 -0300] "GET /phpmyadmin/js/get_scripts.js.php?scripts[]=tbl_change.js&scripts[]=tbl_structure.js&scripts[]=gis_data_editor.js&scripts[]=makegrid.js&scripts[]=sql.js HTTP/1.1" 200 57302
::1 - - [12/Mar/2021:18:10:20 -0300] "GET /phpmyadmin/index.php?ajax_request=1&recent_table=1&token=7fb68fd43cc981bc92c58d58ac3ff279 HTTP/1.1" 200 229
::1 - - [12/Mar/2021:18:10:44 -0300] "POST /phpmyadmin/sql.php HTTP/1.1" 200 23798
::1 - - [12/Mar/2021:18:10:44 -0300] "GET /phpmyadmin/index.php?ajax_request=1&recent_table=1&token=7fb68fd43cc981bc92c58d58ac3ff279 HTTP/1.1" 200 229
::1 - - [12/Mar/2021:18:10:49 -0300] "POST /phpmyadmin/sql.php HTTP/1.1" 200 98651
::1 - - [12/Mar/2021:18:10:50 -0300] "GET /phpmyadmin/index.php?ajax_request=1&recent_table=1&token=7fb68fd43cc981bc92c58d58ac3ff279 HTTP/1.1" 200 229
::1 - - [12/Mar/2021:18:10:53 -0300] "GET /phpmyadmin/db_structure.php?server=1&db=db_diario&token=7fb68fd43cc981bc92c58d58ac3ff279&ajax_request=true&ajax_page_request=true&menuHashes=a14a74c5&_nocache=1615583453398406971 HTTP/1.1" 200 21649
::1 - - [12/Mar/2021:18:10:54 -0300] "GET /phpmyadmin/js/get_scripts.js.php?scripts[]=db_structure.js HTTP/1.1" 200 5367
::1 - - [12/Mar/2021:18:12:13 -0300] "GET /phpmyadmin/sql.php?db=db_diario&token=7fb68fd43cc981bc92c58d58ac3ff279&goto=db_structure.php&table=tb_humores&pos=0&ajax_request=true&ajax_page_request=true&menuHashes=a14a74c5-87bd8fc2&_nocache=1615583533096285137 HTTP/1.1" 200 43132
::1 - - [12/Mar/2021:18:12:13 -0300] "GET /phpmyadmin/index.php?ajax_request=1&recent_table=1&token=7fb68fd43cc981bc92c58d58ac3ff279 HTTP/1.1" 200 361
::1 - - [12/Mar/2021:18:12:16 -0300] "GET /phpmyadmin/tbl_sql.php?db=db_diario&table=tb_humores&token=7fb68fd43cc981bc92c58d58ac3ff279&ajax_request=true&ajax_page_request=true&menuHashes=a14a74c5-87bd8fc2-3bcc37dd&_nocache=1615583536547489748 HTTP/1.1" 200 8374
::1 - - [12/Mar/2021:18:12:17 -0300] "GET /phpmyadmin/index.php?ajax_request=1&recent_table=1&token=7fb68fd43cc981bc92c58d58ac3ff279 HTTP/1.1" 200 361
::1 - - [12/Mar/2021:18:13:27 -0300] "POST /phpmyadmin/import.php HTTP/1.1" 200 1833
::1 - - [12/Mar/2021:18:13:42 -0300] "POST /phpmyadmin/import.php HTTP/1.1" 200 1833
::1 - - [12/Mar/2021:18:14:16 -0300] "POST /phpmyadmin/import.php HTTP/1.1" 200 2523
::1 - - [12/Mar/2021:18:14:25 -0300] "GET /phpmyadmin/sql.php?db=db_diario&table=tb_humores&token=7fb68fd43cc981bc92c58d58ac3ff279&pos=0&ajax_request=true&ajax_page_request=true&menuHashes=a14a74c5-87bd8fc2-3bcc37dd-29dab7a4&_nocache=1615583665433857573 HTTP/1.1" 200 47177
::1 - - [12/Mar/2021:18:14:26 -0300] "GET /phpmyadmin/index.php?ajax_request=1&recent_table=1&token=7fb68fd43cc981bc92c58d58ac3ff279 HTTP/1.1" 200 361
::1 - - [12/Mar/2021:18:14:27 -0300] "GET /phpmyadmin/tbl_sql.php?db=db_diario&table=tb_humores&token=7fb68fd43cc981bc92c58d58ac3ff279&ajax_request=true&ajax_page_request=true&menuHashes=a14a74c5-87bd8fc2-3bcc37dd-29dab7a4&_nocache=1615583667359911651 HTTP/1.1" 200 5216
::1 - - [12/Mar/2021:18:14:27 -0300] "GET /phpmyadmin/index.php?ajax_request=1&recent_table=1&token=7fb68fd43cc981bc92c58d58ac3ff279 HTTP/1.1" 200 361
::1 - - [12/Mar/2021:18:15:04 -0300] "POST /phpmyadmin/import.php HTTP/1.1" 200 2494
::1 - - [12/Mar/2021:18:15:09 -0300] "GET /phpmyadmin/sql.php?db=db_diario&table=tb_humores&token=7fb68fd43cc981bc92c58d58ac3ff279&pos=0&ajax_request=true&ajax_page_request=true&menuHashes=a14a74c5-87bd8fc2-3bcc37dd-29dab7a4&_nocache=1615583709697749134 HTTP/1.1" 200 49573
::1 - - [12/Mar/2021:18:15:10 -0300] "GET /phpmyadmin/index.php?ajax_request=1&recent_table=1&token=7fb68fd43cc981bc92c58d58ac3ff279 HTTP/1.1" 200 361
::1 - - [12/Mar/2021:18:15:22 -0300] "GET /phpmyadmin/sql.php?db=db_diario&table=tb_humores&sql_query=DELETE+FROM+%60db_diario%60.%60tb_humores%60+WHERE+%60tb_humores%60.%60HUM_CODIGO%60+%3D+11&message_to_show=Registo+eliminado&goto=sql.php%3Fdb%3Ddb_diario%26table%3Dtb_humores%26sql_query%3DSELECT%2B%252A%2BFROM%2B%2560tb_humores%2560%26message_to_show%3DRegisto%2Beliminado%26goto%3Dtbl_sql.php%26token%3D7fb68fd43cc981bc92c58d58ac3ff279&token=7fb68fd43cc981bc92c58d58ac3ff279&ajax_request=true&is_js_confirmed=true&_nocache=1615583721654362792 HTTP/1.1" 200 2681
::1 - - [12/Mar/2021:18:15:51 -0300] "GET /phpmyadmin/sql.php?db=db_diario&table=tb_humores&sql_query=DELETE+FROM+%60db_diario%60.%60tb_humores%60+WHERE+%60tb_humores%60.%60HUM_CODIGO%60+%3D+13&message_to_show=Registo+eliminado&goto=sql.php%3Fdb%3Ddb_diario%26table%3Dtb_humores%26sql_query%3DSELECT%2B%252A%2BFROM%2B%2560tb_humores%2560%26message_to_show%3DRegisto%2Beliminado%26goto%3Dtbl_sql.php%26token%3D7fb68fd43cc981bc92c58d58ac3ff279&token=7fb68fd43cc981bc92c58d58ac3ff279&ajax_request=true&is_js_confirmed=true&_nocache=1615583750230517290 HTTP/1.1" 200 2681
::1 - - [12/Mar/2021:18:16:04 -0300] "GET /phpmyadmin/db_structure.php?db=db_diario&token=7fb68fd43cc981bc92c58d58ac3ff279&ajax_request=true&ajax_page_request=true&menuHashes=a14a74c5-87bd8fc2-3bcc37dd-29dab7a4&_nocache=1615583764715560841 HTTP/1.1" 200 18388
::1 - - [12/Mar/2021:18:17:15 -0300] "GET / HTTP/1.1" 200 213
::1 - - [12/Mar/2021:18:17:18 -0300] "GET /favicon.ico HTTP/1.1" 404 209
::1 - - [12/Mar/2021:18:17:20 -0300] "GET /diariomental/ HTTP/1.1" 200 3747
::1 - - [12/Mar/2021:18:17:24 -0300] "GET /diariomental/css/sb-admin-2.min.css HTTP/1.1" 304 -
::1 - - [12/Mar/2021:18:17:24 -0300] "GET /diariomental/js/sb-admin-2.min.js HTTP/1.1" 304 -
::1 - - [12/Mar/2021:18:17:24 -0300] "GET /diariomental/vendor/jquery-easing/jquery.easing.min.js HTTP/1.1" 304 -
::1 - - [12/Mar/2021:18:17:24 -0300] "GET /diariomental/vendor/jquery/jquery.min.js HTTP/1.1" 304 -
::1 - - [12/Mar/2021:18:17:24 -0300] "GET /diariomental/vendor/fontawesome-free/css/all.min.css HTTP/1.1" 304 -
::1 - - [12/Mar/2021:18:17:24 -0300] "GET /diariomental/vendor/bootstrap/js/bootstrap.bundle.min.js HTTP/1.1" 304 -
::1 - - [12/Mar/2021:18:17:25 -0300] "GET /diariomental/img/slogan.jpg HTTP/1.1" 200 82387
::1 - - [12/Mar/2021:18:18:02 -0300] "POST /diariomental/? HTTP/1.1" 302 3824
::1 - - [12/Mar/2021:18:18:02 -0300] "GET /diariomental/principal.php HTTP/1.1" 200 16205
::1 - - [12/Mar/2021:18:18:04 -0300] "GET /diariomental/img/simbolo.png HTTP/1.1" 200 22338
::1 - - [12/Mar/2021:18:18:03 -0300] "GET /diariomental/vendor/chart.js/Chart.min.js HTTP/1.1" 304 -
::1 - - [12/Mar/2021:18:18:04 -0300] "GET /diariomental/vendor/fontawesome-free/webfonts/fa-solid-900.woff2 HTTP/1.1" 304 -
::1 - - [12/Mar/2021:18:23:21 -0300] "GET /diariomental/usuario-perfil.php HTTP/1.1" 200 15080
::1 - - [12/Mar/2021:18:23:36 -0300] "GET /diariomental/usuario-perfil.php HTTP/1.1" 200 15080
::1 - - [12/Mar/2021:18:23:37 -0300] "GET /diariomental/img/slogan.jpg HTTP/1.1" 200 82387
::1 - - [12/Mar/2021:18:23:38 -0300] "GET /diariomental/usuario-perfil.php HTTP/1.1" 200 15080
::1 - - [12/Mar/2021:18:23:39 -0300] "GET /diariomental/img/slogan.jpg HTTP/1.1" 200 82387
::1 - - [12/Mar/2021:18:23:49 -0300] "GET /diariomental/usuario-perfil.php HTTP/1.1" 200 14914
::1 - - [12/Mar/2021:18:23:49 -0300] "GET /diariomental/img/slogan.jpg HTTP/1.1" 200 82387
::1 - - [12/Mar/2021:18:23:59 -0300] "GET /diariomental/usuario-editar.php HTTP/1.1" 200 14588
::1 - - [12/Mar/2021:18:24:08 -0300] "POST /diariomental/usuario-editar.php? HTTP/1.1" 302 14603
::1 - - [12/Mar/2021:18:24:08 -0300] "GET /diariomental/usuario-perfil.php HTTP/1.1" 200 14944
::1 - - [12/Mar/2021:18:24:43 -0300] "GET /diariomental/usuario-perfil.php HTTP/1.1" 200 14929
::1 - - [12/Mar/2021:18:24:43 -0300] "GET /diariomental/img/slogan.jpg HTTP/1.1" 200 82387
::1 - - [12/Mar/2021:18:25:54 -0300] "GET /diariomental/index.php HTTP/1.1" 200 3747
::1 - - [12/Mar/2021:18:25:58 -0300] "GET /diariomental/usuario-novo.php HTTP/1.1" 200 6221
::1 - - [12/Mar/2021:18:26:39 -0300] "GET /diariomental/usuario-novo.php HTTP/1.1" 200 6192
::1 - - [12/Mar/2021:18:26:40 -0300] "GET /diariomental/img/slogan.jpg HTTP/1.1" 200 82387
::1 - - [12/Mar/2021:18:27:13 -0300] "GET /diariomental/index.php HTTP/1.1" 200 3747
::1 - - [12/Mar/2021:18:30:43 -0300] "GET /diariomental/usuario-novo.php HTTP/1.1" 200 5512
::1 - - [12/Mar/2021:18:30:59 -0300] "GET /diariomental/usuario-novo.php HTTP/1.1" 200 5508
::1 - - [12/Mar/2021:18:30:59 -0300] "GET /diariomental/img/slogan.jpg HTTP/1.1" 200 82387
::1 - - [12/Mar/2021:18:32:12 -0300] "POST /diariomental/usuario-novo.php? HTTP/1.1" 302 5508
::1 - - [12/Mar/2021:18:32:12 -0300] "GET /diariomental/principal.php HTTP/1.1" 200 13747
::1 - - [12/Mar/2021:18:32:29 -0300] "GET /diariomental/principal.php HTTP/1.1" 200 13565
::1 - - [12/Mar/2021:18:32:30 -0300] "GET /diariomental/img/slogan.jpg HTTP/1.1" 200 82387
::1 - - [12/Mar/2021:18:32:43 -0300] "GET /diariomental/usuario-perfil.php HTTP/1.1" 200 14914
::1 - - [12/Mar/2021:18:33:00 -0300] "GET /phpmyadmin/ HTTP/1.1" 200 47466
::1 - - [12/Mar/2021:18:33:13 -0300] "GET /phpmyadmin/version_check.php?&_nocache=1615584793277322554 HTTP/1.1" 200 39
::1 - - [12/Mar/2021:18:33:17 -0300] "GET /phpmyadmin/db_structure.php?server=1&db=db_diario&token=7fb68fd43cc981bc92c58d58ac3ff279&ajax_request=true&ajax_page_request=true&menuHashes=2567b72d&_nocache=1615584797252558920 HTTP/1.1" 200 21649
::1 - - [12/Mar/2021:18:33:23 -0300] "GET /phpmyadmin/sql.php?db=db_diario&token=7fb68fd43cc981bc92c58d58ac3ff279&goto=db_structure.php&table=tb_usuarios&pos=0&ajax_request=true&ajax_page_request=true&menuHashes=2567b72d-87bd8fc2&_nocache=1615584803318159801 HTTP/1.1" 200 54521
::1 - - [12/Mar/2021:18:33:25 -0300] "GET /phpmyadmin/index.php?ajax_request=1&recent_table=1&token=7fb68fd43cc981bc92c58d58ac3ff279 HTTP/1.1" 200 495
::1 - - [12/Mar/2021:18:35:04 -0300] "GET /diariomental/registro-novo.php HTTP/1.1" 200 17942
::1 - - [12/Mar/2021:18:35:24 -0300] "POST /diariomental/registro-novo.php? HTTP/1.1" 302 17942
::1 - - [12/Mar/2021:18:35:25 -0300] "GET /diariomental/principal.php HTTP/1.1" 200 13901
::1 - - [12/Mar/2021:18:35:28 -0300] "GET /diariomental/registro-perfil.php?codigo=47 HTTP/1.1" 200 15148
::1 - - [12/Mar/2021:18:35:34 -0300] "GET /diariomental/registro-editar.php?codigo=47 HTTP/1.1" 200 18061
::1 - - [12/Mar/2021:18:35:42 -0300] "GET /diariomental/registro-perfil.php?codigo=47 HTTP/1.1" 200 15148
::1 - - [12/Mar/2021:18:35:44 -0300] "GET /diariomental/principal.php HTTP/1.1" 200 13815
::1 - - [12/Mar/2021:18:35:56 -0300] "POST /diariomental/index1.php HTTP/1.1" 200 12103
::1 - - [12/Mar/2021:18:35:59 -0300] "GET /diariomental/estatisticas.php HTTP/1.1" 200 13734
::1 - - [12/Mar/2021:18:36:46 -0300] "GET /diariomental/estatisticas.php HTTP/1.1" 200 13067
::1 - - [12/Mar/2021:18:36:47 -0300] "GET /diariomental/img/slogan.jpg HTTP/1.1" 200 82387
::1 - - [12/Mar/2021:18:36:53 -0300] "GET /diariomental/registro-novo.php HTTP/1.1" 200 17275
::1 - - [12/Mar/2021:18:37:04 -0300] "POST /diariomental/registro-novo.php? HTTP/1.1" 302 17349
::1 - - [12/Mar/2021:18:37:04 -0300] "GET /diariomental/principal.php HTTP/1.1" 200 13429
::1 - - [12/Mar/2021:18:37:07 -0300] "GET /diariomental/registro-novo.php HTTP/1.1" 200 17349
::1 - - [12/Mar/2021:18:37:17 -0300] "POST /diariomental/registro-novo.php? HTTP/1.1" 302 17424
::1 - - [12/Mar/2021:18:37:17 -0300] "GET /diariomental/principal.php HTTP/1.1" 200 13912
::1 - - [12/Mar/2021:18:37:19 -0300] "GET /diariomental/registro-novo.php HTTP/1.1" 200 17424
::1 - - [12/Mar/2021:18:37:28 -0300] "POST /diariomental/registro-novo.php? HTTP/1.1" 302 17539
::1 - - [12/Mar/2021:18:37:28 -0300] "GET /diariomental/principal.php HTTP/1.1" 200 14159
::1 - - [12/Mar/2021:18:37:32 -0300] "GET /diariomental/estatisticas.php HTTP/1.1" 200 13331
::1 - - [12/Mar/2021:18:38:32 -0300] "GET /diariomental/estatisticas.php HTTP/1.1" 200 13331
::1 - - [12/Mar/2021:18:38:32 -0300] "GET /diariomental/img/slogan.jpg HTTP/1.1" 200 82387
::1 - - [12/Mar/2021:18:38:59 -0300] "GET /diariomental/estatisticas.php HTTP/1.1" 200 13359
::1 - - [12/Mar/2021:18:38:59 -0300] "GET /diariomental/img/slogan.jpg HTTP/1.1" 200 82387
::1 - - [12/Mar/2021:18:42:05 -0300] "GET /diariomental/estatisticas.php HTTP/1.1" 200 13381
::1 - - [12/Mar/2021:18:42:06 -0300] "GET /diariomental/img/slogan.jpg HTTP/1.1" 200 82387
::1 - - [12/Mar/2021:18:42:11 -0300] "GET /diariomental/registro-novo.php HTTP/1.1" 200 17561
::1 - - [12/Mar/2021:18:42:18 -0300] "POST /diariomental/registro-novo.php? HTTP/1.1" 302 17686
::1 - - [12/Mar/2021:18:42:18 -0300] "GET /diariomental/principal.php HTTP/1.1" 200 14583
::1 - - [12/Mar/2021:18:42:20 -0300] "GET /diariomental/estatisticas.php HTTP/1.1" 200 13506
::1 - - [12/Mar/2021:18:53:59 -0300] "GET /phpmyadmin/ HTTP/1.1" 200 47597
::1 - - [12/Mar/2021:18:54:15 -0300] "GET /phpmyadmin/sql.php?db=db_diario&table=tb_usuarios&server=1&target=&token=7fb68fd43cc981bc92c58d58ac3ff279 HTTP/1.1" 200 59669
::1 - - [12/Mar/2021:18:54:22 -0300] "GET /phpmyadmin/js/messages.php?lang=pt&db=db_diario&token=7fb68fd43cc981bc92c58d58ac3ff279 HTTP/1.1" 200 18103
::1 - - [12/Mar/2021:18:54:22 -0300] "GET /phpmyadmin/js/get_scripts.js.php?scripts[]=jquery/jquery-1.8.3.js&scripts[]=ajax.js&scripts[]=keyhandler.js&scripts[]=jquery/jquery-ui-1.9.2.custom.js&scripts[]=jquery/jquery.sprintf.js&scripts[]=jquery/jquery.cookie.js&scripts[]=jquery/jquery.mousewheel.js&scripts[]=jquery/jquery.event.drag-2.2.js&scripts[]=jquery/jquery-ui-timepicker-addon.js&scripts[]=jquery/jquery.ba-hashchange-1.3.js&scripts[]=jquery/jquery.debounce-1.0.5.js&scripts[]=jquery/jquery.menuResizer-1.0.js&scripts[]=rte.js&scripts[]=functions.js&scripts[]=navigation.js&scripts[]=indexes.js&scripts[]=common.js&scripts[]=tbl_change.js&scripts[]=tbl_structure.js&scripts[]=gis_data_editor.js&scripts[]=makegrid.js&scripts[]=sql.js&scripts[]=codemirror/lib/codemirror.js&scripts[]=codemirror/mode/mysql/mysql.js HTTP/1.1" 200 635864
::1 - - [12/Mar/2021:18:54:33 -0300] "GET /phpmyadmin/index.php?ajax_request=1&recent_table=1&token=7fb68fd43cc981bc92c58d58ac3ff279 HTTP/1.1" 200 495
::1 - - [12/Mar/2021:19:16:12 -0300] "GET /diariomental/estatisticas.php HTTP/1.1" 200 13506
::1 - - [12/Mar/2021:19:17:12 -0300] "GET /diariomental/img/slogan.jpg HTTP/1.1" 200 82387
::1 - - [12/Mar/2021:19:18:33 -0300] "GET /phpmyadmin/sql.php?db=db_diario&table=tb_usuarios&server=1&target=&token=7fb68fd43cc981bc92c58d58ac3ff279 HTTP/1.1" 200 8322
::1 - - [12/Mar/2021:19:18:41 -0300] "GET /phpmyadmin/js/get_scripts.js.php?scripts[]=jquery/jquery-1.8.3.js&scripts[]=ajax.js&scripts[]=keyhandler.js&scripts[]=jquery/jquery-ui-1.9.2.custom.js&scripts[]=jquery/jquery.sprintf.js&scripts[]=jquery/jquery.cookie.js&scripts[]=jquery/jquery.mousewheel.js&scripts[]=jquery/jquery.event.drag-2.2.js&scripts[]=jquery/jquery-ui-timepicker-addon.js&scripts[]=jquery/jquery.ba-hashchange-1.3.js&scripts[]=jquery/jquery.debounce-1.0.5.js&scripts[]=jquery/jquery.menuResizer-1.0.js&scripts[]=rte.js&scripts[]=functions.js&scripts[]=navigation.js&scripts[]=indexes.js&scripts[]=common.js&scripts[]=codemirror/lib/codemirror.js&scripts[]=codemirror/mode/mysql/mysql.js HTTP/1.1" 200 578562
::1 - - [12/Mar/2021:19:18:42 -0300] "GET /phpmyadmin/sql.php?db=db_diario&table=tb_usuarios&server=1&target=&token=7fb68fd43cc981bc92c58d58ac3ff279 HTTP/1.1" 200 8322
::1 - - [12/Mar/2021:19:30:43 -0300] "GET /diariomental/index.php HTTP/1.1" 200 3747
::1 - - [12/Mar/2021:19:40:01 -0300] "POST /diariomental/index.php? HTTP/1.1" 302 3825
::1 - - [12/Mar/2021:19:40:02 -0300] "GET /diariomental/principal.php HTTP/1.1" 200 16428
::1 - - [12/Mar/2021:19:40:11 -0300] "GET /diariomental/principal.php HTTP/1.1" 200 16381
::1 - - [12/Mar/2021:19:40:12 -0300] "GET /diariomental/img/slogan.jpg HTTP/1.1" 200 82387
::1 - - [12/Mar/2021:19:40:16 -0300] "GET /diariomental/usuario-perfil.php HTTP/1.1" 200 15190
::1 - - [12/Mar/2021:19:40:20 -0300] "GET /diariomental/principal.php HTTP/1.1" 200 16453
::1 - - [12/Mar/2021:19:41:06 -0300] "GET /diariomental/principal.php HTTP/1.1" 200 16374
::1 - - [12/Mar/2021:19:41:07 -0300] "GET /diariomental/img/slogan.jpg HTTP/1.1" 200 82387
::1 - - [12/Mar/2021:19:41:16 -0300] "GET /diariomental/principal.php HTTP/1.1" 200 16467
::1 - - [12/Mar/2021:19:41:17 -0300] "GET /diariomental/img/slogan.jpg HTTP/1.1" 200 82387
::1 - - [12/Mar/2021:19:41:27 -0300] "GET /diariomental/registro-perfil.php?codigo=41 HTTP/1.1" 200 15898
::1 - - [12/Mar/2021:19:41:32 -0300] "GET /diariomental/registro-editar.php?codigo=41 HTTP/1.1" 200 18366
::1 - - [12/Mar/2021:19:41:37 -0300] "POST /diariomental/registro-editar.php? HTTP/1.1" 302 366
::1 - - [12/Mar/2021:19:41:38 -0300] "GET /diariomental/principal.php HTTP/1.1" 200 16391
::1 - - [12/Mar/2021:19:41:42 -0300] "GET /diariomental/registro-perfil.php?codigo=41 HTTP/1.1" 200 15568
::1 - - [12/Mar/2021:19:41:45 -0300] "GET /diariomental/principal.php HTTP/1.1" 200 16363
::1 - - [12/Mar/2021:19:41:48 -0300] "GET /diariomental/registro-perfil.php?codigo=10 HTTP/1.1" 200 15514
::1 - - [12/Mar/2021:19:41:52 -0300] "GET /diariomental/registro-perfil.php?excluir=10 HTTP/1.1" 302 5561
::1 - - [12/Mar/2021:19:41:52 -0300] "GET /diariomental/principal.php HTTP/1.1" 200 16405
::1 - - [12/Mar/2021:19:42:06 -0300] "POST /diariomental/index1.php HTTP/1.1" 200 12373
::1 - - [12/Mar/2021:19:42:10 -0300] "GET /diariomental/principal.php HTTP/1.1" 200 16370
::1 - - [12/Mar/2021:19:42:13 -0300] "GET /diariomental/usuario-perfil.php HTTP/1.1" 200 15194
::1 - - [12/Mar/2021:19:42:16 -0300] "GET /diariomental/usuario-editar.php HTTP/1.1" 200 14883
::1 - - [12/Mar/2021:19:42:23 -0300] "POST /diariomental/usuario-editar.php? HTTP/1.1" 302 14883
::1 - - [12/Mar/2021:19:42:23 -0300] "GET /diariomental/usuario-perfil.php HTTP/1.1" 200 15194
::1 - - [12/Mar/2021:19:42:28 -0300] "GET /diariomental/usuario-editar.php HTTP/1.1" 200 14883
::1 - - [12/Mar/2021:19:42:31 -0300] "POST /diariomental/usuario-editar.php? HTTP/1.1" 302 14883
::1 - - [12/Mar/2021:19:42:31 -0300] "GET /diariomental/usuario-perfil.php HTTP/1.1" 200 15194
::1 - - [12/Mar/2021:19:42:32 -0300] "GET /diariomental/registro-novo.php HTTP/1.1" 200 18210
::1 - - [12/Mar/2021:19:42:37 -0300] "GET /diariomental/estatisticas.php HTTP/1.1" 200 14030
::1 - - [12/Mar/2021:19:42:46 -0300] "GET /diariomental/ajuda.php HTTP/1.1" 200 17062
::1 - - [12/Mar/2021:19:42:46 -0300] "GET /diariomental/img/objetivo.png HTTP/1.1" 200 40785
::1 - - [12/Mar/2021:19:42:46 -0300] "GET /diariomental/img/guia.jpg HTTP/1.1" 200 8423
::1 - - [12/Mar/2021:19:42:46 -0300] "GET /diariomental/img/grafico.jpg HTTP/1.1" 200 16766
::1 - - [12/Mar/2021:19:42:51 -0300] "GET /diariomental/principal.php HTTP/1.1" 200 16516
::1 - - [12/Mar/2021:19:42:55 -0300] "GET /diariomental/index.php HTTP/1.1" 200 3748
::1 - - [12/Mar/2021:19:43:17 -0300] "POST /phpmyadmin/index.php HTTP/1.1" 302 -
::1 - - [12/Mar/2021:19:43:18 -0300] "GET /phpmyadmin/index.php?db=db_diario&table=tb_usuarios&target=sql.php&token=7fb68fd43cc981bc92c58d58ac3ff279 HTTP/1.1" 200 59701
::1 - - [12/Mar/2021:19:43:22 -0300] "GET /phpmyadmin/index.php?ajax_request=1&recent_table=1&token=7fb68fd43cc981bc92c58d58ac3ff279 HTTP/1.1" 200 495
::1 - - [12/Mar/2021:20:13:30 -0300] "GET /diariomental/index.php HTTP/1.1" 200 3748
::1 - - [12/Mar/2021:20:18:01 -0300] "GET /diariomental/usuario-novo.php HTTP/1.1" 200 5508
::1 - - [12/Mar/2021:20:19:31 -0300] "GET /diariomental/index.php HTTP/1.1" 200 3748
::1 - - [12/Mar/2021:20:19:34 -0300] "GET /diariomental/forgot-password.php HTTP/1.1" 200 3900
::1 - - [12/Mar/2021:20:19:37 -0300] "GET /diariomental/index.php HTTP/1.1" 200 3748
::1 - - [12/Mar/2021:20:19:39 -0300] "GET /diariomental/forgot-password.php HTTP/1.1" 200 3900
::1 - - [12/Mar/2021:20:20:29 -0300] "GET /diariomental/index.php HTTP/1.1" 200 3748
::1 - - [12/Mar/2021:20:22:32 -0300] "POST /diariomental/index.php? HTTP/1.1" 302 3825
::1 - - [12/Mar/2021:20:22:32 -0300] "GET /diariomental/principal.php HTTP/1.1" 200 16515
::1 - - [12/Mar/2021:20:22:39 -0300] "GET /diariomental/registro-perfil.php?codigo=42 HTTP/1.1" 200 16428
::1 - - [12/Mar/2021:20:22:43 -0300] "GET /diariomental/registro-editar.php?codigo=42 HTTP/1.1" 200 18330
::1 - - [12/Mar/2021:20:22:46 -0300] "GET /diariomental/registro-perfil.php?codigo=42 HTTP/1.1" 200 16428
::1 - - [12/Mar/2021:20:22:50 -0300] "GET /diariomental/registro-perfil.php?excluir=42 HTTP/1.1" 302 5561
::1 - - [12/Mar/2021:20:22:50 -0300] "GET /diariomental/principal.php HTTP/1.1" 200 16351
::1 - - [12/Mar/2021:20:23:19 -0300] "GET /diariomental/principal.php HTTP/1.1" 200 15099
::1 - - [12/Mar/2021:20:23:20 -0300] "GET /diariomental/img/slogan.jpg HTTP/1.1" 200 82387
::1 - - [12/Mar/2021:20:25:23 -0300] "POST /diariomental/index1.php HTTP/1.1" 200 12371
::1 - - [12/Mar/2021:20:27:15 -0300] "GET /diariomental/usuario-perfil.php HTTP/1.1" 200 15194
::1 - - [12/Mar/2021:20:28:44 -0300] "GET /diariomental/usuario-editar.php HTTP/1.1" 200 14883
::1 - - [12/Mar/2021:20:30:20 -0300] "POST /diariomental/usuario-editar.php? HTTP/1.1" 302 14883
::1 - - [12/Mar/2021:20:30:20 -0300] "GET /diariomental/usuario-perfil.php HTTP/1.1" 200 15194
::1 - - [12/Mar/2021:20:31:13 -0300] "GET /diariomental/usuario-perfil.php HTTP/1.1" 200 15194
::1 - - [12/Mar/2021:20:31:16 -0300] "GET /diariomental/registro-novo.php HTTP/1.1" 200 18210
::1 - - [12/Mar/2021:20:39:36 -0300] "GET /diariomental/principal.php HTTP/1.1" 200 16401
::1 - - [12/Mar/2021:20:39:38 -0300] "GET /diariomental/registro-perfil.php?codigo=25 HTTP/1.1" 200 15407
::1 - - [12/Mar/2021:20:39:41 -0300] "GET /diariomental/principal.php HTTP/1.1" 200 16382
::1 - - [12/Mar/2021:20:39:44 -0300] "GET /diariomental/registro-perfil.php?codigo=38 HTTP/1.1" 200 15630
::1 - - [12/Mar/2021:20:42:21 -0300] "GET /diariomental/registro-editar.php?codigo=38 HTTP/1.1" 200 18320
::1 - - [12/Mar/2021:20:44:28 -0300] "GET /diariomental/registro-perfil.php?codigo=38 HTTP/1.1" 200 15630
::1 - - [12/Mar/2021:20:46:10 -0300] "GET /diariomental/registro-perfil.php?codigo=38 HTTP/1.1" 200 15630
::1 - - [12/Mar/2021:20:47:57 -0300] "GET /diariomental/estatisticas.php HTTP/1.1" 200 14030
::1 - - [12/Mar/2021:20:49:03 -0300] "GET /diariomental/ajuda.php HTTP/1.1" 200 17062
::1 - - [12/Mar/2021:20:51:40 -0300] "GET /diariomental/principal.php HTTP/1.1" 200 16411
::1 - - [12/Mar/2021:20:51:52 -0300] "GET /diariomental/index.php HTTP/1.1" 200 3748
