2021-03-10 10:17:23 3640 [Note] Plugin 'FEDERATED' is disabled.
2021-03-10 10:17:23 3640 [Note] InnoDB: The InnoDB memory heap is disabled
2021-03-10 10:17:23 3640 [Note] InnoDB: Mutexes and rw_locks use Windows interlocked functions
2021-03-10 10:17:23 3640 [Note] InnoDB: Compressed tables use zlib 1.2.3
2021-03-10 10:17:23 3640 [Note] InnoDB: Not using CPU crc32 instructions
2021-03-10 10:17:23 3640 [Note] InnoDB: Initializing buffer pool, size = 128.0M
2021-03-10 10:17:23 3640 [Note] InnoDB: Completed initialization of buffer pool
2021-03-10 10:17:23 3640 [Note] InnoDB: Highest supported file format is Barracuda.
2021-03-10 10:17:23 3640 [Note] InnoDB: The log sequence numbers 1761217 and 1761217 in ibdata files do not match the log sequence number 1989155 in the ib_logfiles!
2021-03-10 10:17:23 3640 [Note] InnoDB: Database was not shutdown normally!
2021-03-10 10:17:23 3640 [Note] InnoDB: Starting crash recovery.
2021-03-10 10:17:23 3640 [Note] InnoDB: Reading tablespace information from the .ibd files...
2021-03-10 10:17:23 3640 [Note] InnoDB: Restoring possible half-written data pages 
2021-03-10 10:17:23 3640 [Note] InnoDB: from the doublewrite buffer...
2021-03-10 10:17:24 3640 [Note] InnoDB: 128 rollback segment(s) are active.
2021-03-10 10:17:24 3640 [Note] InnoDB: Waiting for purge to start
2021-03-10 10:17:24 3640 [Note] InnoDB: 5.6.13 started; log sequence number 1989155
2021-03-10 10:17:24 3640 [Note] Server hostname (bind-address): '*'; port: 3307
2021-03-10 10:17:24 3640 [Note] IPv6 is available.
2021-03-10 10:17:24 3640 [Note]   - '::' resolves to '::';
2021-03-10 10:17:24 3640 [Note] Server socket created on IP: '::'.
2021-03-10 10:17:24 3640 [ERROR] Can't start server: Bind on TCP/IP port: No such file or directory
2021-03-10 10:17:24 3640 [ERROR] Do you already have another mysqld server running on port: 3307 ?
2021-03-10 10:17:24 3640 [ERROR] Aborting

2021-03-10 10:17:24 3640 [Note] Binlog end
2021-03-10 10:17:24 3640 [Note] Shutting down plugin 'partition'
2021-03-10 10:17:24 3640 [Note] Shutting down plugin 'PERFORMANCE_SCHEMA'
2021-03-10 10:17:24 3640 [Note] Shutting down plugin 'INNODB_SYS_DATAFILES'
2021-03-10 10:17:24 3640 [Note] Shutting down plugin 'INNODB_SYS_TABLESPACES'
2021-03-10 10:17:24 3640 [Note] Shutting down plugin 'INNODB_SYS_FOREIGN_COLS'
2021-03-10 10:17:24 3640 [Note] Shutting down plugin 'INNODB_SYS_FOREIGN'
2021-03-10 10:17:24 3640 [Note] Shutting down plugin 'INNODB_SYS_FIELDS'
2021-03-10 10:17:24 3640 [Note] Shutting down plugin 'INNODB_SYS_COLUMNS'
2021-03-10 10:17:24 3640 [Note] Shutting down plugin 'INNODB_SYS_INDEXES'
2021-03-10 10:17:24 3640 [Note] Shutting down plugin 'INNODB_SYS_TABLESTATS'
2021-03-10 10:17:24 3640 [Note] Shutting down plugin 'INNODB_SYS_TABLES'
2021-03-10 10:17:24 3640 [Note] Shutting down plugin 'INNODB_FT_INDEX_TABLE'
2021-03-10 10:17:24 3640 [Note] Shutting down plugin 'INNODB_FT_INDEX_CACHE'
2021-03-10 10:17:24 3640 [Note] Shutting down plugin 'INNODB_FT_CONFIG'
2021-03-10 10:17:24 3640 [Note] Shutting down plugin 'INNODB_FT_BEING_DELETED'
2021-03-10 10:17:24 3640 [Note] Shutting down plugin 'INNODB_FT_DELETED'
2021-03-10 10:17:24 3640 [Note] Shutting down plugin 'INNODB_FT_DEFAULT_STOPWORD'
2021-03-10 10:17:24 3640 [Note] Shutting down plugin 'INNODB_METRICS'
2021-03-10 10:17:24 3640 [Note] Shutting down plugin 'INNODB_BUFFER_POOL_STATS'
2021-03-10 10:17:24 3640 [Note] Shutting down plugin 'INNODB_BUFFER_PAGE_LRU'
2021-03-10 10:17:24 3640 [Note] Shutting down plugin 'INNODB_BUFFER_PAGE'
2021-03-10 10:17:24 3640 [Note] Shutting down plugin 'INNODB_CMP_PER_INDEX_RESET'
2021-03-10 10:17:24 3640 [Note] Shutting down plugin 'INNODB_CMP_PER_INDEX'
2021-03-10 10:17:24 3640 [Note] Shutting down plugin 'INNODB_CMPMEM_RESET'
2021-03-10 10:17:24 3640 [Note] Shutting down plugin 'INNODB_CMPMEM'
2021-03-10 10:17:24 3640 [Note] Shutting down plugin 'INNODB_CMP_RESET'
2021-03-10 10:17:24 3640 [Note] Shutting down plugin 'INNODB_CMP'
2021-03-10 10:17:24 3640 [Note] Shutting down plugin 'INNODB_LOCK_WAITS'
2021-03-10 10:17:24 3640 [Note] Shutting down plugin 'INNODB_LOCKS'
2021-03-10 10:17:24 3640 [Note] Shutting down plugin 'INNODB_TRX'
2021-03-10 10:17:24 3640 [Note] Shutting down plugin 'InnoDB'
2021-03-10 10:17:24 3640 [Note] InnoDB: FTS optimize thread exiting.
2021-03-10 10:17:24 3640 [Note] InnoDB: Starting shutdown...
2021-03-10 10:17:26 3640 [Note] InnoDB: Shutdown completed; log sequence number 1989165
2021-03-10 10:17:26 3640 [Note] Shutting down plugin 'BLACKHOLE'
2021-03-10 10:17:26 3640 [Note] Shutting down plugin 'ARCHIVE'
2021-03-10 10:17:26 3640 [Note] Shutting down plugin 'MRG_MYISAM'
2021-03-10 10:17:26 3640 [Note] Shutting down plugin 'MyISAM'
2021-03-10 10:17:26 3640 [Note] Shutting down plugin 'MEMORY'
2021-03-10 10:17:26 3640 [Note] Shutting down plugin 'CSV'
2021-03-10 10:17:26 3640 [Note] Shutting down plugin 'sha256_password'
2021-03-10 10:17:26 3640 [Note] Shutting down plugin 'mysql_old_password'
2021-03-10 10:17:26 3640 [Note] Shutting down plugin 'mysql_native_password'
2021-03-10 10:17:26 3640 [Note] Shutting down plugin 'binlog'
2021-03-10 10:17:26 3640 [Note] C:\Users\Isadora\Pictures\USBW/mysql/bin/mysqld_usbwv8.exe: Shutdown complete

2021-03-10 10:17:45 1112 [Note] Plugin 'FEDERATED' is disabled.
2021-03-10 10:17:45 1112 [Note] InnoDB: The InnoDB memory heap is disabled
2021-03-10 10:17:45 1112 [Note] InnoDB: Mutexes and rw_locks use Windows interlocked functions
2021-03-10 10:17:45 1112 [Note] InnoDB: Compressed tables use zlib 1.2.3
2021-03-10 10:17:45 1112 [Note] InnoDB: Not using CPU crc32 instructions
2021-03-10 10:17:45 1112 [Note] InnoDB: Initializing buffer pool, size = 128.0M
2021-03-10 10:17:45 1112 [Note] InnoDB: Completed initialization of buffer pool
2021-03-10 10:17:45 1112 [Note] InnoDB: Highest supported file format is Barracuda.
2021-03-10 10:17:45 1112 [Note] InnoDB: 128 rollback segment(s) are active.
2021-03-10 10:17:45 1112 [Note] InnoDB: Waiting for purge to start
2021-03-10 10:17:45 1112 [Note] InnoDB: 5.6.13 started; log sequence number 1989165
2021-03-10 10:17:45 1112 [Note] Server hostname (bind-address): '*'; port: 3307
2021-03-10 10:17:45 1112 [Note] IPv6 is available.
2021-03-10 10:17:45 1112 [Note]   - '::' resolves to '::';
2021-03-10 10:17:45 1112 [Note] Server socket created on IP: '::'.
2021-03-10 10:17:45 1112 [Note] Event Scheduler: Loaded 0 events
2021-03-10 10:17:45 1112 [Note] C:\Users\Isadora\Pictures\USBW/mysql/bin/mysqld_usbwv8.exe: ready for connections.
Version: '5.6.13'  socket: ''  port: 3307  MySQL Community Server (GPL)
2021-03-10 20:31:33 5744 [Note] Plugin 'FEDERATED' is disabled.
2021-03-10 20:31:33 5744 [Note] InnoDB: The InnoDB memory heap is disabled
2021-03-10 20:31:33 5744 [Note] InnoDB: Mutexes and rw_locks use Windows interlocked functions
2021-03-10 20:31:33 5744 [Note] InnoDB: Compressed tables use zlib 1.2.3
2021-03-10 20:31:33 5744 [Note] InnoDB: Not using CPU crc32 instructions
2021-03-10 20:31:33 5744 [Note] InnoDB: Initializing buffer pool, size = 128.0M
2021-03-10 20:31:33 5744 [Note] InnoDB: Completed initialization of buffer pool
2021-03-10 20:31:33 5744 [Note] InnoDB: Highest supported file format is Barracuda.
2021-03-10 20:31:33 5744 [Note] InnoDB: The log sequence numbers 1989165 and 1989165 in ibdata files do not match the log sequence number 1991780 in the ib_logfiles!
2021-03-10 20:31:33 5744 [Note] InnoDB: Database was not shutdown normally!
2021-03-10 20:31:33 5744 [Note] InnoDB: Starting crash recovery.
2021-03-10 20:31:33 5744 [Note] InnoDB: Reading tablespace information from the .ibd files...
2021-03-10 20:31:33 5744 [Note] InnoDB: Restoring possible half-written data pages 
2021-03-10 20:31:33 5744 [Note] InnoDB: from the doublewrite buffer...
2021-03-10 20:31:33 5744 [Note] InnoDB: 128 rollback segment(s) are active.
2021-03-10 20:31:33 5744 [Note] InnoDB: Waiting for purge to start
2021-03-10 20:31:33 5744 [Note] InnoDB: 5.6.13 started; log sequence number 1991780
2021-03-10 20:31:33 5744 [Note] Server hostname (bind-address): '*'; port: 3307
2021-03-10 20:31:33 5744 [Note] IPv6 is available.
2021-03-10 20:31:33 5744 [Note]   - '::' resolves to '::';
2021-03-10 20:31:33 5744 [Note] Server socket created on IP: '::'.
2021-03-11 00:12:46 15200 [Note] Plugin 'FEDERATED' is disabled.
2021-03-11 00:12:46 15200 [Note] InnoDB: The InnoDB memory heap is disabled
2021-03-11 00:12:46 15200 [Note] InnoDB: Mutexes and rw_locks use Windows interlocked functions
2021-03-11 00:12:46 15200 [Note] InnoDB: Compressed tables use zlib 1.2.3
2021-03-11 00:12:46 15200 [Note] InnoDB: Not using CPU crc32 instructions
2021-03-11 00:12:46 15200 [Note] InnoDB: Initializing buffer pool, size = 128.0M
2021-03-11 00:12:46 15200 [Note] InnoDB: Completed initialization of buffer pool
2021-03-11 00:12:46 15200 [Note] InnoDB: Highest supported file format is Barracuda.
2021-03-11 00:12:46 15200 [Note] InnoDB: The log sequence numbers 1989165 and 1989165 in ibdata files do not match the log sequence number 1994997 in the ib_logfiles!
2021-03-11 00:12:46 15200 [Note] InnoDB: Database was not shutdown normally!
2021-03-11 00:12:46 15200 [Note] InnoDB: Starting crash recovery.
2021-03-11 00:12:46 15200 [Note] InnoDB: Reading tablespace information from the .ibd files...
2021-03-11 00:12:46 15200 [Note] InnoDB: Restoring possible half-written data pages 
2021-03-11 00:12:46 15200 [Note] InnoDB: from the doublewrite buffer...
2021-03-11 00:12:47 15200 [Note] InnoDB: 128 rollback segment(s) are active.
2021-03-11 00:12:47 15200 [Note] InnoDB: Waiting for purge to start
2021-03-11 00:12:47 15200 [Note] InnoDB: 5.6.13 started; log sequence number 1994997
2021-03-11 00:12:47 15200 [Note] Server hostname (bind-address): '*'; port: 3307
2021-03-11 00:12:47 15200 [Note] IPv6 is available.
2021-03-11 00:12:47 15200 [Note]   - '::' resolves to '::';
2021-03-11 00:12:47 15200 [Note] Server socket created on IP: '::'.
2021-03-11 00:27:25 12196 [Note] Plugin 'FEDERATED' is disabled.
2021-03-11 00:27:25 12196 [Note] InnoDB: The InnoDB memory heap is disabled
2021-03-11 00:27:25 12196 [Note] InnoDB: Mutexes and rw_locks use Windows interlocked functions
2021-03-11 00:27:25 12196 [Note] InnoDB: Compressed tables use zlib 1.2.3
2021-03-11 00:27:25 12196 [Note] InnoDB: Not using CPU crc32 instructions
2021-03-11 00:27:25 12196 [Note] InnoDB: Initializing buffer pool, size = 128.0M
2021-03-11 00:27:25 12196 [Note] InnoDB: Completed initialization of buffer pool
2021-03-11 00:27:25 12196 [Note] InnoDB: Highest supported file format is Barracuda.
2021-03-11 00:27:25 12196 [Note] InnoDB: The log sequence numbers 1989165 and 1989165 in ibdata files do not match the log sequence number 1995007 in the ib_logfiles!
2021-03-11 00:27:25 12196 [Note] InnoDB: Database was not shutdown normally!
2021-03-11 00:27:25 12196 [Note] InnoDB: Starting crash recovery.
2021-03-11 00:27:25 12196 [Note] InnoDB: Reading tablespace information from the .ibd files...
2021-03-11 00:27:25 12196 [Note] InnoDB: Restoring possible half-written data pages 
2021-03-11 00:27:25 12196 [Note] InnoDB: from the doublewrite buffer...
2021-03-11 00:27:26 12196 [Note] InnoDB: 128 rollback segment(s) are active.
2021-03-11 00:27:26 12196 [Note] InnoDB: Waiting for purge to start
2021-03-11 00:27:26 12196 [Note] InnoDB: 5.6.13 started; log sequence number 1995007
2021-03-11 00:27:26 12196 [Note] Server hostname (bind-address): '*'; port: 3307
2021-03-11 00:27:26 12196 [Note] IPv6 is available.
2021-03-11 00:27:26 12196 [Note]   - '::' resolves to '::';
2021-03-11 00:27:26 12196 [Note] Server socket created on IP: '::'.
2021-03-11 09:12:34 1776 [Note] Plugin 'FEDERATED' is disabled.
2021-03-11 09:12:34 1776 [Note] InnoDB: The InnoDB memory heap is disabled
2021-03-11 09:12:34 1776 [Note] InnoDB: Mutexes and rw_locks use Windows interlocked functions
2021-03-11 09:12:34 1776 [Note] InnoDB: Compressed tables use zlib 1.2.3
2021-03-11 09:12:34 1776 [Note] InnoDB: Not using CPU crc32 instructions
2021-03-11 09:12:34 1776 [Note] InnoDB: Initializing buffer pool, size = 128.0M
2021-03-11 09:12:34 1776 [Note] InnoDB: Completed initialization of buffer pool
2021-03-11 09:12:34 1776 [Note] InnoDB: Highest supported file format is Barracuda.
2021-03-11 09:12:34 1776 [Note] InnoDB: The log sequence numbers 1989165 and 1989165 in ibdata files do not match the log sequence number 1995017 in the ib_logfiles!
2021-03-11 09:12:34 1776 [Note] InnoDB: Database was not shutdown normally!
2021-03-11 09:12:34 1776 [Note] InnoDB: Starting crash recovery.
2021-03-11 09:12:34 1776 [Note] InnoDB: Reading tablespace information from the .ibd files...
2021-03-11 09:12:34 1776 [Note] InnoDB: Restoring possible half-written data pages 
2021-03-11 09:12:34 1776 [Note] InnoDB: from the doublewrite buffer...
2021-03-11 09:12:35 1776 [Note] InnoDB: 128 rollback segment(s) are active.
2021-03-11 09:12:35 1776 [Note] InnoDB: Waiting for purge to start
2021-03-11 09:12:35 1776 [Note] InnoDB: 5.6.13 started; log sequence number 1995017
2021-03-11 09:12:35 1776 [Note] Server hostname (bind-address): '*'; port: 3307
2021-03-11 09:12:35 1776 [Note] IPv6 is available.
2021-03-11 09:12:35 1776 [Note]   - '::' resolves to '::';
2021-03-11 09:12:35 1776 [Note] Server socket created on IP: '::'.
2021-03-11 18:30:10 1716 [Note] Plugin 'FEDERATED' is disabled.
2021-03-11 18:30:10 1716 [Note] InnoDB: The InnoDB memory heap is disabled
2021-03-11 18:30:10 1716 [Note] InnoDB: Mutexes and rw_locks use Windows interlocked functions
2021-03-11 18:30:10 1716 [Note] InnoDB: Compressed tables use zlib 1.2.3
2021-03-11 18:30:10 1716 [Note] InnoDB: Not using CPU crc32 instructions
2021-03-11 18:30:10 1716 [Note] InnoDB: Initializing buffer pool, size = 128.0M
2021-03-11 18:30:10 1716 [Note] InnoDB: Completed initialization of buffer pool
2021-03-11 18:30:10 1716 [Note] InnoDB: Highest supported file format is Barracuda.
2021-03-11 18:30:10 1716 [Note] InnoDB: The log sequence numbers 1989165 and 1989165 in ibdata files do not match the log sequence number 2006549 in the ib_logfiles!
2021-03-11 18:30:10 1716 [Note] InnoDB: Database was not shutdown normally!
2021-03-11 18:30:10 1716 [Note] InnoDB: Starting crash recovery.
2021-03-11 18:30:10 1716 [Note] InnoDB: Reading tablespace information from the .ibd files...
2021-03-11 18:30:10 1716 [Note] InnoDB: Restoring possible half-written data pages 
2021-03-11 18:30:10 1716 [Note] InnoDB: from the doublewrite buffer...
2021-03-11 18:30:11 1716 [Note] InnoDB: 128 rollback segment(s) are active.
2021-03-11 18:30:11 1716 [Note] InnoDB: Waiting for purge to start
2021-03-11 18:30:11 1716 [Note] InnoDB: 5.6.13 started; log sequence number 2006549
2021-03-11 18:30:11 1716 [Note] Server hostname (bind-address): '*'; port: 3307
2021-03-11 18:30:11 1716 [Note] IPv6 is available.
2021-03-11 18:30:11 1716 [Note]   - '::' resolves to '::';
2021-03-11 18:30:11 1716 [Note] Server socket created on IP: '::'.
2021-03-11 21:49:04 8876 [Note] Plugin 'FEDERATED' is disabled.
2021-03-11 21:49:04 8876 [Note] InnoDB: The InnoDB memory heap is disabled
2021-03-11 21:49:04 8876 [Note] InnoDB: Mutexes and rw_locks use Windows interlocked functions
2021-03-11 21:49:04 8876 [Note] InnoDB: Compressed tables use zlib 1.2.3
2021-03-11 21:49:04 8876 [Note] InnoDB: Not using CPU crc32 instructions
2021-03-11 21:49:04 8876 [Note] InnoDB: Initializing buffer pool, size = 128.0M
2021-03-11 21:49:04 8876 [Note] InnoDB: Completed initialization of buffer pool
2021-03-11 21:49:04 8876 [Note] InnoDB: Highest supported file format is Barracuda.
2021-03-11 21:49:04 8876 [Note] InnoDB: The log sequence numbers 1989165 and 1989165 in ibdata files do not match the log sequence number 2006559 in the ib_logfiles!
2021-03-11 21:49:04 8876 [Note] InnoDB: Database was not shutdown normally!
2021-03-11 21:49:04 8876 [Note] InnoDB: Starting crash recovery.
2021-03-11 21:49:04 8876 [Note] InnoDB: Reading tablespace information from the .ibd files...
2021-03-11 21:49:04 8876 [Note] InnoDB: Restoring possible half-written data pages 
2021-03-11 21:49:04 8876 [Note] InnoDB: from the doublewrite buffer...
2021-03-11 21:49:05 8876 [Note] InnoDB: 128 rollback segment(s) are active.
2021-03-11 21:49:05 8876 [Note] InnoDB: Waiting for purge to start
2021-03-11 21:49:05 8876 [Note] InnoDB: 5.6.13 started; log sequence number 2006559
2021-03-11 21:49:05 8876 [Note] Server hostname (bind-address): '*'; port: 3307
2021-03-11 21:49:05 8876 [Note] IPv6 is available.
2021-03-11 21:49:05 8876 [Note]   - '::' resolves to '::';
2021-03-11 21:49:05 8876 [Note] Server socket created on IP: '::'.
2021-03-12 00:55:08 3500 [Note] Plugin 'FEDERATED' is disabled.
2021-03-12 00:55:08 3500 [Note] InnoDB: The InnoDB memory heap is disabled
2021-03-12 00:55:08 3500 [Note] InnoDB: Mutexes and rw_locks use Windows interlocked functions
2021-03-12 00:55:08 3500 [Note] InnoDB: Compressed tables use zlib 1.2.3
2021-03-12 00:55:08 3500 [Note] InnoDB: Not using CPU crc32 instructions
2021-03-12 00:55:08 3500 [Note] InnoDB: Initializing buffer pool, size = 128.0M
2021-03-12 00:55:08 3500 [Note] InnoDB: Completed initialization of buffer pool
2021-03-12 00:55:08 3500 [Note] InnoDB: Highest supported file format is Barracuda.
2021-03-12 00:55:08 3500 [Note] InnoDB: The log sequence numbers 1989165 and 1989165 in ibdata files do not match the log sequence number 2006579 in the ib_logfiles!
2021-03-12 00:55:08 3500 [Note] InnoDB: Database was not shutdown normally!
2021-03-12 00:55:08 3500 [Note] InnoDB: Starting crash recovery.
2021-03-12 00:55:08 3500 [Note] InnoDB: Reading tablespace information from the .ibd files...
2021-03-12 00:55:08 3500 [Note] InnoDB: Restoring possible half-written data pages 
2021-03-12 00:55:08 3500 [Note] InnoDB: from the doublewrite buffer...
2021-03-12 00:55:09 3500 [Note] InnoDB: 128 rollback segment(s) are active.
2021-03-12 00:55:09 3500 [Note] InnoDB: Waiting for purge to start
2021-03-12 00:55:09 3500 [Note] InnoDB: 5.6.13 started; log sequence number 2006579
2021-03-12 00:55:09 3500 [Note] Server hostname (bind-address): '*'; port: 3307
2021-03-12 00:55:09 3500 [Note] IPv6 is available.
2021-03-12 00:55:09 3500 [Note]   - '::' resolves to '::';
2021-03-12 00:55:09 3500 [Note] Server socket created on IP: '::'.
2021-03-12 01:19:30 8012 [Note] Plugin 'FEDERATED' is disabled.
2021-03-12 01:19:30 8012 [Note] InnoDB: The InnoDB memory heap is disabled
2021-03-12 01:19:30 8012 [Note] InnoDB: Mutexes and rw_locks use Windows interlocked functions
2021-03-12 01:19:30 8012 [Note] InnoDB: Compressed tables use zlib 1.2.3
2021-03-12 01:19:31 8012 [Note] InnoDB: Not using CPU crc32 instructions
2021-03-12 01:19:31 8012 [Note] InnoDB: Initializing buffer pool, size = 128.0M
2021-03-12 01:19:31 8012 [Note] InnoDB: Completed initialization of buffer pool
2021-03-12 01:19:31 8012 [Note] InnoDB: Highest supported file format is Barracuda.
2021-03-12 01:19:31 8012 [Note] InnoDB: The log sequence numbers 1989165 and 1989165 in ibdata files do not match the log sequence number 2014467 in the ib_logfiles!
2021-03-12 01:19:31 8012 [Note] InnoDB: Database was not shutdown normally!
2021-03-12 01:19:31 8012 [Note] InnoDB: Starting crash recovery.
2021-03-12 01:19:31 8012 [Note] InnoDB: Reading tablespace information from the .ibd files...
2021-03-12 01:19:31 8012 [Note] InnoDB: Restoring possible half-written data pages 
2021-03-12 01:19:31 8012 [Note] InnoDB: from the doublewrite buffer...
2021-03-12 01:19:32 8012 [Note] InnoDB: 128 rollback segment(s) are active.
2021-03-12 01:19:32 8012 [Note] InnoDB: Waiting for purge to start
2021-03-12 01:19:32 8012 [Note] InnoDB: 5.6.13 started; log sequence number 2014467
2021-03-12 01:19:32 8012 [Note] Server hostname (bind-address): '*'; port: 3307
2021-03-12 01:19:32 8012 [Note] IPv6 is available.
2021-03-12 01:19:32 8012 [Note]   - '::' resolves to '::';
2021-03-12 01:19:32 8012 [Note] Server socket created on IP: '::'.
2021-03-12 13:33:29 6960 [Note] Plugin 'FEDERATED' is disabled.
2021-03-12 13:33:29 6960 [Note] InnoDB: The InnoDB memory heap is disabled
2021-03-12 13:33:29 6960 [Note] InnoDB: Mutexes and rw_locks use Windows interlocked functions
2021-03-12 13:33:29 6960 [Note] InnoDB: Compressed tables use zlib 1.2.3
2021-03-12 13:33:29 6960 [Note] InnoDB: Not using CPU crc32 instructions
2021-03-12 13:33:29 6960 [Note] InnoDB: Initializing buffer pool, size = 128.0M
2021-03-12 13:33:29 6960 [Note] InnoDB: Completed initialization of buffer pool
2021-03-12 13:33:29 6960 [Note] InnoDB: Highest supported file format is Barracuda.
2021-03-12 13:33:29 6960 [Note] InnoDB: The log sequence numbers 1989165 and 1989165 in ibdata files do not match the log sequence number 2014477 in the ib_logfiles!
2021-03-12 13:33:29 6960 [Note] InnoDB: Database was not shutdown normally!
2021-03-12 13:33:29 6960 [Note] InnoDB: Starting crash recovery.
2021-03-12 13:33:29 6960 [Note] InnoDB: Reading tablespace information from the .ibd files...
2021-03-12 13:33:29 6960 [Note] InnoDB: Restoring possible half-written data pages 
2021-03-12 13:33:29 6960 [Note] InnoDB: from the doublewrite buffer...
2021-03-12 13:33:30 6960 [Note] InnoDB: 128 rollback segment(s) are active.
2021-03-12 13:33:30 6960 [Note] InnoDB: Waiting for purge to start
2021-03-12 13:33:30 6960 [Note] InnoDB: 5.6.13 started; log sequence number 2014477
2021-03-12 13:33:30 6960 [Note] Server hostname (bind-address): '*'; port: 3307
2021-03-12 13:33:30 6960 [Note] IPv6 is available.
2021-03-12 13:33:30 6960 [Note]   - '::' resolves to '::';
2021-03-12 13:33:30 6960 [Note] Server socket created on IP: '::'.
2021-03-12 15:33:26 9344 [Note] Plugin 'FEDERATED' is disabled.
2021-03-12 15:33:26 9344 [Note] InnoDB: The InnoDB memory heap is disabled
2021-03-12 15:33:26 9344 [Note] InnoDB: Mutexes and rw_locks use Windows interlocked functions
2021-03-12 15:33:26 9344 [Note] InnoDB: Compressed tables use zlib 1.2.3
2021-03-12 15:33:26 9344 [Note] InnoDB: Not using CPU crc32 instructions
2021-03-12 15:33:26 9344 [Note] InnoDB: Initializing buffer pool, size = 128.0M
2021-03-12 15:33:26 9344 [Note] InnoDB: Completed initialization of buffer pool
2021-03-12 15:33:26 9344 [Note] InnoDB: Highest supported file format is Barracuda.
2021-03-12 15:33:26 9344 [Note] InnoDB: The log sequence numbers 1989165 and 1989165 in ibdata files do not match the log sequence number 2014487 in the ib_logfiles!
2021-03-12 15:33:26 9344 [Note] InnoDB: Database was not shutdown normally!
2021-03-12 15:33:26 9344 [Note] InnoDB: Starting crash recovery.
2021-03-12 15:33:26 9344 [Note] InnoDB: Reading tablespace information from the .ibd files...
2021-03-12 15:33:26 9344 [Note] InnoDB: Restoring possible half-written data pages 
2021-03-12 15:33:26 9344 [Note] InnoDB: from the doublewrite buffer...
2021-03-12 15:33:27 9344 [Note] InnoDB: 128 rollback segment(s) are active.
2021-03-12 15:33:27 9344 [Note] InnoDB: Waiting for purge to start
2021-03-12 15:33:27 9344 [Note] InnoDB: 5.6.13 started; log sequence number 2014487
2021-03-12 15:33:27 9344 [Note] Server hostname (bind-address): '*'; port: 3307
2021-03-12 15:33:27 9344 [Note] IPv6 is available.
2021-03-12 15:33:27 9344 [Note]   - '::' resolves to '::';
2021-03-12 15:33:27 9344 [Note] Server socket created on IP: '::'.
